[*********************100%***********************]  1 of 1 completed
[*********************100%***********************]  1 of 1 completed
[*********************100%***********************]  1 of 1 completed
[*********************100%***********************]  1 of 1 completed
[*********************100%***********************]  1 of 1 completed
[*********************100%***********************]  1 of 1 completed
[*********************100%***********************]  1 of 1 completed
[*********************100%***********************]  1 of 1 completed
[*********************100%***********************]  1 of 1 completed
[*********************100%***********************]  1 of 1 completed
[*********************100%***********************]  1 of 1 completed
[*********************100%***********************]  1 of 1 completed
[*********************100%***********************]  1 of 1 completed
[*********************100%***********************]  1 of 1 completed
[*********************100%***********************]  1 of 1 completed
[*********************100%***********************]  1 of 1 completed
[*********************100%***********************]  1 of 1 completed
API connection failed: ConnectionRefusedError(61, "Connect call failed ('127.0.0.1', 7497)")
Make sure API port on TWS/IBG is open
Traceback (most recent call last):
  File "/Users/ianchang/Desktop/local-projects/quant-trading/run_live_shadow.py", line 24, in <module>
    ib.connect('127.0.0.1', 7497, clientId=101)
  File "/Users/ianchang/Desktop/local-projects/quant-trading/.venv/lib/python3.12/site-packages/ib_insync/ib.py", line 279, in connect
    return self._run(self.connectAsync(
           ^^^^^^^^^^^^^^^^^^^^^^^^^^^^
  File "/Users/ianchang/Desktop/local-projects/quant-trading/.venv/lib/python3.12/site-packages/ib_insync/ib.py", line 318, in _run
    return util.run(*awaitables, timeout=self.RequestTimeout)
           ^^^^^^^^^^^^^^^^^^^^^^^^^^^^^^^^^^^^^^^^^^^^^^^^^^
  File "/Users/ianchang/Desktop/local-projects/quant-trading/.venv/lib/python3.12/site-packages/ib_insync/util.py", line 341, in run
    result = loop.run_until_complete(task)
             ^^^^^^^^^^^^^^^^^^^^^^^^^^^^^
  File "/Users/ianchang/.pyenv/versions/3.12.0/lib/python3.12/asyncio/base_events.py", line 664, in run_until_complete
    return future.result()
           ^^^^^^^^^^^^^^^
  File "/Users/ianchang/Desktop/local-projects/quant-trading/.venv/lib/python3.12/site-packages/ib_insync/ib.py", line 1748, in connectAsync
    await self.client.connectAsync(host, port, clientId, timeout)
  File "/Users/ianchang/Desktop/local-projects/quant-trading/.venv/lib/python3.12/site-packages/ib_insync/client.py", line 211, in connectAsync
    await asyncio.wait_for(self.conn.connectAsync(host, port), timeout)
  File "/Users/ianchang/.pyenv/versions/3.12.0/lib/python3.12/asyncio/tasks.py", line 510, in wait_for
    return await fut
           ^^^^^^^^^
  File "/Users/ianchang/Desktop/local-projects/quant-trading/.venv/lib/python3.12/site-packages/ib_insync/connection.py", line 39, in connectAsync
    self.transport, _ = await loop.create_connection(
                        ^^^^^^^^^^^^^^^^^^^^^^^^^^^^^
  File "/Users/ianchang/.pyenv/versions/3.12.0/lib/python3.12/asyncio/base_events.py", line 1099, in create_connection
    raise exceptions[0]
  File "/Users/ianchang/.pyenv/versions/3.12.0/lib/python3.12/asyncio/base_events.py", line 1081, in create_connection
    sock = await self._connect_sock(
           ^^^^^^^^^^^^^^^^^^^^^^^^^
  File "/Users/ianchang/.pyenv/versions/3.12.0/lib/python3.12/asyncio/base_events.py", line 984, in _connect_sock
    await self.sock_connect(sock, address)
  File "/Users/ianchang/.pyenv/versions/3.12.0/lib/python3.12/asyncio/selector_events.py", line 647, in sock_connect
    return await fut
           ^^^^^^^^^
  File "/Users/ianchang/.pyenv/versions/3.12.0/lib/python3.12/asyncio/selector_events.py", line 687, in _sock_connect_cb
    raise OSError(err, f'Connect call failed {address}')
ConnectionRefusedError: [Errno 61] Connect call failed ('127.0.0.1', 7497)
[*********************100%***********************]  1 of 1 completed
[*********************100%***********************]  1 of 1 completed
[*********************100%***********************]  1 of 1 completed
[*********************100%***********************]  1 of 1 completed
[*********************100%***********************]  1 of 1 completed
[*********************100%***********************]  1 of 1 completed
[*********************100%***********************]  1 of 1 completed
[*********************100%***********************]  1 of 1 completed
[*********************100%***********************]  1 of 1 completed
[*********************100%***********************]  1 of 1 completed
[*********************100%***********************]  1 of 1 completed
[*********************100%***********************]  1 of 1 completed
[*********************100%***********************]  1 of 1 completed
[*********************100%***********************]  1 of 1 completed
Error 1100, reqId -1: Connectivity between IBKR and Trader Workstation has been lost.
[*********************100%***********************]  1 of 1 completed
[*********************100%***********************]  1 of 1 completed
[*********************100%***********************]  1 of 1 completed
[*********************100%***********************]  1 of 1 completed
[*********************100%***********************]  1 of 1 completed
[*********************100%***********************]  1 of 1 completed
[*********************100%***********************]  1 of 1 completed
[*********************100%***********************]  1 of 1 completed
[*********************100%***********************]  1 of 1 completed
[*********************100%***********************]  1 of 1 completed
[*********************100%***********************]  1 of 1 completed
[*********************100%***********************]  1 of 1 completed
[*********************100%***********************]  1 of 1 completed
[*********************100%***********************]  1 of 1 completed
[*********************100%***********************]  1 of 1 completed
[*********************100%***********************]  1 of 1 completed
[*********************100%***********************]  1 of 1 completed
[*********************100%***********************]  1 of 1 completed
[*********************100%***********************]  1 of 1 completed
[*********************100%***********************]  1 of 1 completed
[*********************100%***********************]  1 of 1 completed
[*********************100%***********************]  1 of 1 completed
[*********************100%***********************]  1 of 1 completed
[*********************100%***********************]  1 of 1 completed
[*********************100%***********************]  1 of 1 completed
[*********************100%***********************]  1 of 1 completed
[*********************100%***********************]  1 of 1 completed
[*********************100%***********************]  1 of 1 completed
[*********************100%***********************]  1 of 1 completed
[*********************100%***********************]  1 of 1 completed
[*********************100%***********************]  1 of 1 completed
[*********************100%***********************]  1 of 1 completed
[*********************100%***********************]  1 of 1 completed
/Users/ianchang/Desktop/local-projects/quant-trading/strategies/defensive_strategy.py:47: FutureWarning: Calling float on a single element Series is deprecated and will raise a TypeError in the future. Use float(ser.iloc[0]) instead
  ema10 = float(latest['EMA10'])
/Users/ianchang/Desktop/local-projects/quant-trading/strategies/defensive_strategy.py:48: FutureWarning: Calling float on a single element Series is deprecated and will raise a TypeError in the future. Use float(ser.iloc[0]) instead
  ema50 = float(latest['EMA50'])
/Users/ianchang/Desktop/local-projects/quant-trading/strategies/defensive_strategy.py:49: FutureWarning: Calling float on a single element Series is deprecated and will raise a TypeError in the future. Use float(ser.iloc[0]) instead
  atr = float(latest['ATR'])
/Users/ianchang/Desktop/local-projects/quant-trading/strategies/defensive_strategy.py:50: FutureWarning: Calling float on a single element Series is deprecated and will raise a TypeError in the future. Use float(ser.iloc[0]) instead
  close = float(latest['Close'])
/Users/ianchang/Desktop/local-projects/quant-trading/strategies/defensive_strategy.py:51: FutureWarning: Calling int on a single element Series is deprecated and will raise a TypeError in the future. Use int(ser.iloc[0]) instead
  volume = int(latest['Volume'])
/Users/ianchang/Desktop/local-projects/quant-trading/strategies/defensive_strategy.py:52: FutureWarning: Calling float on a single element Series is deprecated and will raise a TypeError in the future. Use float(ser.iloc[0]) instead
  volume_sma = float(latest['Volume_SMA'])
/Users/ianchang/Desktop/local-projects/quant-trading/strategies/defensive_strategy.py:53: FutureWarning: Calling float on a single element Series is deprecated and will raise a TypeError in the future. Use float(ser.iloc[0]) instead
  rsi = float(latest['RSI'])
[*********************100%***********************]  1 of 1 completed
/Users/ianchang/Desktop/local-projects/quant-trading/strategies/defensive_strategy.py:47: FutureWarning: Calling float on a single element Series is deprecated and will raise a TypeError in the future. Use float(ser.iloc[0]) instead
  ema10 = float(latest['EMA10'])
/Users/ianchang/Desktop/local-projects/quant-trading/strategies/defensive_strategy.py:48: FutureWarning: Calling float on a single element Series is deprecated and will raise a TypeError in the future. Use float(ser.iloc[0]) instead
  ema50 = float(latest['EMA50'])
/Users/ianchang/Desktop/local-projects/quant-trading/strategies/defensive_strategy.py:49: FutureWarning: Calling float on a single element Series is deprecated and will raise a TypeError in the future. Use float(ser.iloc[0]) instead
  atr = float(latest['ATR'])
/Users/ianchang/Desktop/local-projects/quant-trading/strategies/defensive_strategy.py:50: FutureWarning: Calling float on a single element Series is deprecated and will raise a TypeError in the future. Use float(ser.iloc[0]) instead
  close = float(latest['Close'])
/Users/ianchang/Desktop/local-projects/quant-trading/strategies/defensive_strategy.py:51: FutureWarning: Calling int on a single element Series is deprecated and will raise a TypeError in the future. Use int(ser.iloc[0]) instead
  volume = int(latest['Volume'])
/Users/ianchang/Desktop/local-projects/quant-trading/strategies/defensive_strategy.py:52: FutureWarning: Calling float on a single element Series is deprecated and will raise a TypeError in the future. Use float(ser.iloc[0]) instead
  volume_sma = float(latest['Volume_SMA'])
/Users/ianchang/Desktop/local-projects/quant-trading/strategies/defensive_strategy.py:53: FutureWarning: Calling float on a single element Series is deprecated and will raise a TypeError in the future. Use float(ser.iloc[0]) instead
  rsi = float(latest['RSI'])
[*********************100%***********************]  1 of 1 completed
/Users/ianchang/Desktop/local-projects/quant-trading/strategies/defensive_strategy.py:47: FutureWarning: Calling float on a single element Series is deprecated and will raise a TypeError in the future. Use float(ser.iloc[0]) instead
  ema10 = float(latest['EMA10'])
/Users/ianchang/Desktop/local-projects/quant-trading/strategies/defensive_strategy.py:48: FutureWarning: Calling float on a single element Series is deprecated and will raise a TypeError in the future. Use float(ser.iloc[0]) instead
  ema50 = float(latest['EMA50'])
/Users/ianchang/Desktop/local-projects/quant-trading/strategies/defensive_strategy.py:49: FutureWarning: Calling float on a single element Series is deprecated and will raise a TypeError in the future. Use float(ser.iloc[0]) instead
  atr = float(latest['ATR'])
/Users/ianchang/Desktop/local-projects/quant-trading/strategies/defensive_strategy.py:50: FutureWarning: Calling float on a single element Series is deprecated and will raise a TypeError in the future. Use float(ser.iloc[0]) instead
  close = float(latest['Close'])
/Users/ianchang/Desktop/local-projects/quant-trading/strategies/defensive_strategy.py:51: FutureWarning: Calling int on a single element Series is deprecated and will raise a TypeError in the future. Use int(ser.iloc[0]) instead
  volume = int(latest['Volume'])
/Users/ianchang/Desktop/local-projects/quant-trading/strategies/defensive_strategy.py:52: FutureWarning: Calling float on a single element Series is deprecated and will raise a TypeError in the future. Use float(ser.iloc[0]) instead
  volume_sma = float(latest['Volume_SMA'])
/Users/ianchang/Desktop/local-projects/quant-trading/strategies/defensive_strategy.py:53: FutureWarning: Calling float on a single element Series is deprecated and will raise a TypeError in the future. Use float(ser.iloc[0]) instead
  rsi = float(latest['RSI'])
[*********************100%***********************]  1 of 1 completed
/Users/ianchang/Desktop/local-projects/quant-trading/strategies/defensive_strategy.py:47: FutureWarning: Calling float on a single element Series is deprecated and will raise a TypeError in the future. Use float(ser.iloc[0]) instead
  ema10 = float(latest['EMA10'])
/Users/ianchang/Desktop/local-projects/quant-trading/strategies/defensive_strategy.py:48: FutureWarning: Calling float on a single element Series is deprecated and will raise a TypeError in the future. Use float(ser.iloc[0]) instead
  ema50 = float(latest['EMA50'])
/Users/ianchang/Desktop/local-projects/quant-trading/strategies/defensive_strategy.py:49: FutureWarning: Calling float on a single element Series is deprecated and will raise a TypeError in the future. Use float(ser.iloc[0]) instead
  atr = float(latest['ATR'])
/Users/ianchang/Desktop/local-projects/quant-trading/strategies/defensive_strategy.py:50: FutureWarning: Calling float on a single element Series is deprecated and will raise a TypeError in the future. Use float(ser.iloc[0]) instead
  close = float(latest['Close'])
/Users/ianchang/Desktop/local-projects/quant-trading/strategies/defensive_strategy.py:51: FutureWarning: Calling int on a single element Series is deprecated and will raise a TypeError in the future. Use int(ser.iloc[0]) instead
  volume = int(latest['Volume'])
/Users/ianchang/Desktop/local-projects/quant-trading/strategies/defensive_strategy.py:52: FutureWarning: Calling float on a single element Series is deprecated and will raise a TypeError in the future. Use float(ser.iloc[0]) instead
  volume_sma = float(latest['Volume_SMA'])
/Users/ianchang/Desktop/local-projects/quant-trading/strategies/defensive_strategy.py:53: FutureWarning: Calling float on a single element Series is deprecated and will raise a TypeError in the future. Use float(ser.iloc[0]) instead
  rsi = float(latest['RSI'])
[*********************100%***********************]  1 of 1 completed
/Users/ianchang/Desktop/local-projects/quant-trading/strategies/defensive_strategy.py:47: FutureWarning: Calling float on a single element Series is deprecated and will raise a TypeError in the future. Use float(ser.iloc[0]) instead
  ema10 = float(latest['EMA10'])
/Users/ianchang/Desktop/local-projects/quant-trading/strategies/defensive_strategy.py:48: FutureWarning: Calling float on a single element Series is deprecated and will raise a TypeError in the future. Use float(ser.iloc[0]) instead
  ema50 = float(latest['EMA50'])
/Users/ianchang/Desktop/local-projects/quant-trading/strategies/defensive_strategy.py:49: FutureWarning: Calling float on a single element Series is deprecated and will raise a TypeError in the future. Use float(ser.iloc[0]) instead
  atr = float(latest['ATR'])
/Users/ianchang/Desktop/local-projects/quant-trading/strategies/defensive_strategy.py:50: FutureWarning: Calling float on a single element Series is deprecated and will raise a TypeError in the future. Use float(ser.iloc[0]) instead
  close = float(latest['Close'])
/Users/ianchang/Desktop/local-projects/quant-trading/strategies/defensive_strategy.py:51: FutureWarning: Calling int on a single element Series is deprecated and will raise a TypeError in the future. Use int(ser.iloc[0]) instead
  volume = int(latest['Volume'])
/Users/ianchang/Desktop/local-projects/quant-trading/strategies/defensive_strategy.py:52: FutureWarning: Calling float on a single element Series is deprecated and will raise a TypeError in the future. Use float(ser.iloc[0]) instead
  volume_sma = float(latest['Volume_SMA'])
/Users/ianchang/Desktop/local-projects/quant-trading/strategies/defensive_strategy.py:53: FutureWarning: Calling float on a single element Series is deprecated and will raise a TypeError in the future. Use float(ser.iloc[0]) instead
  rsi = float(latest['RSI'])
[*********************100%***********************]  1 of 1 completed
/Users/ianchang/Desktop/local-projects/quant-trading/strategies/defensive_strategy.py:47: FutureWarning: Calling float on a single element Series is deprecated and will raise a TypeError in the future. Use float(ser.iloc[0]) instead
  ema10 = float(latest['EMA10'])
/Users/ianchang/Desktop/local-projects/quant-trading/strategies/defensive_strategy.py:48: FutureWarning: Calling float on a single element Series is deprecated and will raise a TypeError in the future. Use float(ser.iloc[0]) instead
  ema50 = float(latest['EMA50'])
/Users/ianchang/Desktop/local-projects/quant-trading/strategies/defensive_strategy.py:49: FutureWarning: Calling float on a single element Series is deprecated and will raise a TypeError in the future. Use float(ser.iloc[0]) instead
  atr = float(latest['ATR'])
/Users/ianchang/Desktop/local-projects/quant-trading/strategies/defensive_strategy.py:50: FutureWarning: Calling float on a single element Series is deprecated and will raise a TypeError in the future. Use float(ser.iloc[0]) instead
  close = float(latest['Close'])
/Users/ianchang/Desktop/local-projects/quant-trading/strategies/defensive_strategy.py:51: FutureWarning: Calling int on a single element Series is deprecated and will raise a TypeError in the future. Use int(ser.iloc[0]) instead
  volume = int(latest['Volume'])
/Users/ianchang/Desktop/local-projects/quant-trading/strategies/defensive_strategy.py:52: FutureWarning: Calling float on a single element Series is deprecated and will raise a TypeError in the future. Use float(ser.iloc[0]) instead
  volume_sma = float(latest['Volume_SMA'])
/Users/ianchang/Desktop/local-projects/quant-trading/strategies/defensive_strategy.py:53: FutureWarning: Calling float on a single element Series is deprecated and will raise a TypeError in the future. Use float(ser.iloc[0]) instead
  rsi = float(latest['RSI'])
[*********************100%***********************]  1 of 1 completed
/Users/ianchang/Desktop/local-projects/quant-trading/strategies/defensive_strategy.py:47: FutureWarning: Calling float on a single element Series is deprecated and will raise a TypeError in the future. Use float(ser.iloc[0]) instead
  ema10 = float(latest['EMA10'])
/Users/ianchang/Desktop/local-projects/quant-trading/strategies/defensive_strategy.py:48: FutureWarning: Calling float on a single element Series is deprecated and will raise a TypeError in the future. Use float(ser.iloc[0]) instead
  ema50 = float(latest['EMA50'])
/Users/ianchang/Desktop/local-projects/quant-trading/strategies/defensive_strategy.py:49: FutureWarning: Calling float on a single element Series is deprecated and will raise a TypeError in the future. Use float(ser.iloc[0]) instead
  atr = float(latest['ATR'])
/Users/ianchang/Desktop/local-projects/quant-trading/strategies/defensive_strategy.py:50: FutureWarning: Calling float on a single element Series is deprecated and will raise a TypeError in the future. Use float(ser.iloc[0]) instead
  close = float(latest['Close'])
/Users/ianchang/Desktop/local-projects/quant-trading/strategies/defensive_strategy.py:51: FutureWarning: Calling int on a single element Series is deprecated and will raise a TypeError in the future. Use int(ser.iloc[0]) instead
  volume = int(latest['Volume'])
/Users/ianchang/Desktop/local-projects/quant-trading/strategies/defensive_strategy.py:52: FutureWarning: Calling float on a single element Series is deprecated and will raise a TypeError in the future. Use float(ser.iloc[0]) instead
  volume_sma = float(latest['Volume_SMA'])
/Users/ianchang/Desktop/local-projects/quant-trading/strategies/defensive_strategy.py:53: FutureWarning: Calling float on a single element Series is deprecated and will raise a TypeError in the future. Use float(ser.iloc[0]) instead
  rsi = float(latest['RSI'])
[*********************100%***********************]  1 of 1 completed
/Users/ianchang/Desktop/local-projects/quant-trading/strategies/defensive_strategy.py:47: FutureWarning: Calling float on a single element Series is deprecated and will raise a TypeError in the future. Use float(ser.iloc[0]) instead
  ema10 = float(latest['EMA10'])
/Users/ianchang/Desktop/local-projects/quant-trading/strategies/defensive_strategy.py:48: FutureWarning: Calling float on a single element Series is deprecated and will raise a TypeError in the future. Use float(ser.iloc[0]) instead
  ema50 = float(latest['EMA50'])
/Users/ianchang/Desktop/local-projects/quant-trading/strategies/defensive_strategy.py:49: FutureWarning: Calling float on a single element Series is deprecated and will raise a TypeError in the future. Use float(ser.iloc[0]) instead
  atr = float(latest['ATR'])
/Users/ianchang/Desktop/local-projects/quant-trading/strategies/defensive_strategy.py:50: FutureWarning: Calling float on a single element Series is deprecated and will raise a TypeError in the future. Use float(ser.iloc[0]) instead
  close = float(latest['Close'])
/Users/ianchang/Desktop/local-projects/quant-trading/strategies/defensive_strategy.py:51: FutureWarning: Calling int on a single element Series is deprecated and will raise a TypeError in the future. Use int(ser.iloc[0]) instead
  volume = int(latest['Volume'])
/Users/ianchang/Desktop/local-projects/quant-trading/strategies/defensive_strategy.py:52: FutureWarning: Calling float on a single element Series is deprecated and will raise a TypeError in the future. Use float(ser.iloc[0]) instead
  volume_sma = float(latest['Volume_SMA'])
/Users/ianchang/Desktop/local-projects/quant-trading/strategies/defensive_strategy.py:53: FutureWarning: Calling float on a single element Series is deprecated and will raise a TypeError in the future. Use float(ser.iloc[0]) instead
  rsi = float(latest['RSI'])
[*********************100%***********************]  1 of 1 completed
/Users/ianchang/Desktop/local-projects/quant-trading/strategies/defensive_strategy.py:47: FutureWarning: Calling float on a single element Series is deprecated and will raise a TypeError in the future. Use float(ser.iloc[0]) instead
  ema10 = float(latest['EMA10'])
/Users/ianchang/Desktop/local-projects/quant-trading/strategies/defensive_strategy.py:48: FutureWarning: Calling float on a single element Series is deprecated and will raise a TypeError in the future. Use float(ser.iloc[0]) instead
  ema50 = float(latest['EMA50'])
/Users/ianchang/Desktop/local-projects/quant-trading/strategies/defensive_strategy.py:49: FutureWarning: Calling float on a single element Series is deprecated and will raise a TypeError in the future. Use float(ser.iloc[0]) instead
  atr = float(latest['ATR'])
/Users/ianchang/Desktop/local-projects/quant-trading/strategies/defensive_strategy.py:50: FutureWarning: Calling float on a single element Series is deprecated and will raise a TypeError in the future. Use float(ser.iloc[0]) instead
  close = float(latest['Close'])
/Users/ianchang/Desktop/local-projects/quant-trading/strategies/defensive_strategy.py:51: FutureWarning: Calling int on a single element Series is deprecated and will raise a TypeError in the future. Use int(ser.iloc[0]) instead
  volume = int(latest['Volume'])
/Users/ianchang/Desktop/local-projects/quant-trading/strategies/defensive_strategy.py:52: FutureWarning: Calling float on a single element Series is deprecated and will raise a TypeError in the future. Use float(ser.iloc[0]) instead
  volume_sma = float(latest['Volume_SMA'])
/Users/ianchang/Desktop/local-projects/quant-trading/strategies/defensive_strategy.py:53: FutureWarning: Calling float on a single element Series is deprecated and will raise a TypeError in the future. Use float(ser.iloc[0]) instead
  rsi = float(latest['RSI'])
[*********************100%***********************]  1 of 1 completed
/Users/ianchang/Desktop/local-projects/quant-trading/strategies/defensive_strategy.py:47: FutureWarning: Calling float on a single element Series is deprecated and will raise a TypeError in the future. Use float(ser.iloc[0]) instead
  ema10 = float(latest['EMA10'])
/Users/ianchang/Desktop/local-projects/quant-trading/strategies/defensive_strategy.py:48: FutureWarning: Calling float on a single element Series is deprecated and will raise a TypeError in the future. Use float(ser.iloc[0]) instead
  ema50 = float(latest['EMA50'])
/Users/ianchang/Desktop/local-projects/quant-trading/strategies/defensive_strategy.py:49: FutureWarning: Calling float on a single element Series is deprecated and will raise a TypeError in the future. Use float(ser.iloc[0]) instead
  atr = float(latest['ATR'])
/Users/ianchang/Desktop/local-projects/quant-trading/strategies/defensive_strategy.py:50: FutureWarning: Calling float on a single element Series is deprecated and will raise a TypeError in the future. Use float(ser.iloc[0]) instead
  close = float(latest['Close'])
/Users/ianchang/Desktop/local-projects/quant-trading/strategies/defensive_strategy.py:51: FutureWarning: Calling int on a single element Series is deprecated and will raise a TypeError in the future. Use int(ser.iloc[0]) instead
  volume = int(latest['Volume'])
/Users/ianchang/Desktop/local-projects/quant-trading/strategies/defensive_strategy.py:52: FutureWarning: Calling float on a single element Series is deprecated and will raise a TypeError in the future. Use float(ser.iloc[0]) instead
  volume_sma = float(latest['Volume_SMA'])
/Users/ianchang/Desktop/local-projects/quant-trading/strategies/defensive_strategy.py:53: FutureWarning: Calling float on a single element Series is deprecated and will raise a TypeError in the future. Use float(ser.iloc[0]) instead
  rsi = float(latest['RSI'])
[*********************100%***********************]  1 of 1 completed
/Users/ianchang/Desktop/local-projects/quant-trading/strategies/defensive_strategy.py:47: FutureWarning: Calling float on a single element Series is deprecated and will raise a TypeError in the future. Use float(ser.iloc[0]) instead
  ema10 = float(latest['EMA10'])
/Users/ianchang/Desktop/local-projects/quant-trading/strategies/defensive_strategy.py:48: FutureWarning: Calling float on a single element Series is deprecated and will raise a TypeError in the future. Use float(ser.iloc[0]) instead
  ema50 = float(latest['EMA50'])
/Users/ianchang/Desktop/local-projects/quant-trading/strategies/defensive_strategy.py:49: FutureWarning: Calling float on a single element Series is deprecated and will raise a TypeError in the future. Use float(ser.iloc[0]) instead
  atr = float(latest['ATR'])
/Users/ianchang/Desktop/local-projects/quant-trading/strategies/defensive_strategy.py:50: FutureWarning: Calling float on a single element Series is deprecated and will raise a TypeError in the future. Use float(ser.iloc[0]) instead
  close = float(latest['Close'])
/Users/ianchang/Desktop/local-projects/quant-trading/strategies/defensive_strategy.py:51: FutureWarning: Calling int on a single element Series is deprecated and will raise a TypeError in the future. Use int(ser.iloc[0]) instead
  volume = int(latest['Volume'])
/Users/ianchang/Desktop/local-projects/quant-trading/strategies/defensive_strategy.py:52: FutureWarning: Calling float on a single element Series is deprecated and will raise a TypeError in the future. Use float(ser.iloc[0]) instead
  volume_sma = float(latest['Volume_SMA'])
/Users/ianchang/Desktop/local-projects/quant-trading/strategies/defensive_strategy.py:53: FutureWarning: Calling float on a single element Series is deprecated and will raise a TypeError in the future. Use float(ser.iloc[0]) instead
  rsi = float(latest['RSI'])
open orders request timed out
completed orders request timed out
Traceback (most recent call last):
  File "/Users/ianchang/.pyenv/versions/3.12.0/lib/python3.12/asyncio/tasks.py", line 510, in wait_for
    return await fut
           ^^^^^^^^^
asyncio.exceptions.CancelledError

The above exception was the direct cause of the following exception:

Traceback (most recent call last):
  File "/Users/ianchang/Desktop/local-projects/quant-trading/run_live_shadow_ibkr.py", line 19, in <module>
    ib.connect('127.0.0.1', 7497, clientId=102)
  File "/Users/ianchang/Desktop/local-projects/quant-trading/.venv/lib/python3.12/site-packages/ib_insync/ib.py", line 279, in connect
    return self._run(self.connectAsync(
           ^^^^^^^^^^^^^^^^^^^^^^^^^^^^
  File "/Users/ianchang/Desktop/local-projects/quant-trading/.venv/lib/python3.12/site-packages/ib_insync/ib.py", line 318, in _run
    return util.run(*awaitables, timeout=self.RequestTimeout)
           ^^^^^^^^^^^^^^^^^^^^^^^^^^^^^^^^^^^^^^^^^^^^^^^^^^
  File "/Users/ianchang/Desktop/local-projects/quant-trading/.venv/lib/python3.12/site-packages/ib_insync/util.py", line 341, in run
    result = loop.run_until_complete(task)
             ^^^^^^^^^^^^^^^^^^^^^^^^^^^^^
  File "/Users/ianchang/.pyenv/versions/3.12.0/lib/python3.12/asyncio/base_events.py", line 664, in run_until_complete
    return future.result()
           ^^^^^^^^^^^^^^^
  File "/Users/ianchang/Desktop/local-projects/quant-trading/.venv/lib/python3.12/site-packages/ib_insync/ib.py", line 1782, in connectAsync
    await asyncio.wait_for(self.reqExecutionsAsync(), timeout)
  File "/Users/ianchang/.pyenv/versions/3.12.0/lib/python3.12/asyncio/tasks.py", line 509, in wait_for
    async with timeouts.timeout(timeout):
  File "/Users/ianchang/.pyenv/versions/3.12.0/lib/python3.12/asyncio/timeouts.py", line 111, in __aexit__
    raise TimeoutError from exc_val
TimeoutError
[*********************100%***********************]  1 of 1 completed
/Users/ianchang/Desktop/local-projects/quant-trading/strategies/defensive_strategy.py:47: FutureWarning: Calling float on a single element Series is deprecated and will raise a TypeError in the future. Use float(ser.iloc[0]) instead
  ema10 = float(latest['EMA10'])
/Users/ianchang/Desktop/local-projects/quant-trading/strategies/defensive_strategy.py:48: FutureWarning: Calling float on a single element Series is deprecated and will raise a TypeError in the future. Use float(ser.iloc[0]) instead
  ema50 = float(latest['EMA50'])
/Users/ianchang/Desktop/local-projects/quant-trading/strategies/defensive_strategy.py:49: FutureWarning: Calling float on a single element Series is deprecated and will raise a TypeError in the future. Use float(ser.iloc[0]) instead
  atr = float(latest['ATR'])
/Users/ianchang/Desktop/local-projects/quant-trading/strategies/defensive_strategy.py:50: FutureWarning: Calling float on a single element Series is deprecated and will raise a TypeError in the future. Use float(ser.iloc[0]) instead
  close = float(latest['Close'])
/Users/ianchang/Desktop/local-projects/quant-trading/strategies/defensive_strategy.py:51: FutureWarning: Calling int on a single element Series is deprecated and will raise a TypeError in the future. Use int(ser.iloc[0]) instead
  volume = int(latest['Volume'])
/Users/ianchang/Desktop/local-projects/quant-trading/strategies/defensive_strategy.py:52: FutureWarning: Calling float on a single element Series is deprecated and will raise a TypeError in the future. Use float(ser.iloc[0]) instead
  volume_sma = float(latest['Volume_SMA'])
/Users/ianchang/Desktop/local-projects/quant-trading/strategies/defensive_strategy.py:53: FutureWarning: Calling float on a single element Series is deprecated and will raise a TypeError in the future. Use float(ser.iloc[0]) instead
  rsi = float(latest['RSI'])
[*********************100%***********************]  1 of 1 completed
/Users/ianchang/Desktop/local-projects/quant-trading/strategies/defensive_strategy.py:47: FutureWarning: Calling float on a single element Series is deprecated and will raise a TypeError in the future. Use float(ser.iloc[0]) instead
  ema10 = float(latest['EMA10'])
/Users/ianchang/Desktop/local-projects/quant-trading/strategies/defensive_strategy.py:48: FutureWarning: Calling float on a single element Series is deprecated and will raise a TypeError in the future. Use float(ser.iloc[0]) instead
  ema50 = float(latest['EMA50'])
/Users/ianchang/Desktop/local-projects/quant-trading/strategies/defensive_strategy.py:49: FutureWarning: Calling float on a single element Series is deprecated and will raise a TypeError in the future. Use float(ser.iloc[0]) instead
  atr = float(latest['ATR'])
/Users/ianchang/Desktop/local-projects/quant-trading/strategies/defensive_strategy.py:50: FutureWarning: Calling float on a single element Series is deprecated and will raise a TypeError in the future. Use float(ser.iloc[0]) instead
  close = float(latest['Close'])
/Users/ianchang/Desktop/local-projects/quant-trading/strategies/defensive_strategy.py:51: FutureWarning: Calling int on a single element Series is deprecated and will raise a TypeError in the future. Use int(ser.iloc[0]) instead
  volume = int(latest['Volume'])
/Users/ianchang/Desktop/local-projects/quant-trading/strategies/defensive_strategy.py:52: FutureWarning: Calling float on a single element Series is deprecated and will raise a TypeError in the future. Use float(ser.iloc[0]) instead
  volume_sma = float(latest['Volume_SMA'])
/Users/ianchang/Desktop/local-projects/quant-trading/strategies/defensive_strategy.py:53: FutureWarning: Calling float on a single element Series is deprecated and will raise a TypeError in the future. Use float(ser.iloc[0]) instead
  rsi = float(latest['RSI'])
[*********************100%***********************]  1 of 1 completed
/Users/ianchang/Desktop/local-projects/quant-trading/strategies/defensive_strategy.py:47: FutureWarning: Calling float on a single element Series is deprecated and will raise a TypeError in the future. Use float(ser.iloc[0]) instead
  ema10 = float(latest['EMA10'])
/Users/ianchang/Desktop/local-projects/quant-trading/strategies/defensive_strategy.py:48: FutureWarning: Calling float on a single element Series is deprecated and will raise a TypeError in the future. Use float(ser.iloc[0]) instead
  ema50 = float(latest['EMA50'])
/Users/ianchang/Desktop/local-projects/quant-trading/strategies/defensive_strategy.py:49: FutureWarning: Calling float on a single element Series is deprecated and will raise a TypeError in the future. Use float(ser.iloc[0]) instead
  atr = float(latest['ATR'])
/Users/ianchang/Desktop/local-projects/quant-trading/strategies/defensive_strategy.py:50: FutureWarning: Calling float on a single element Series is deprecated and will raise a TypeError in the future. Use float(ser.iloc[0]) instead
  close = float(latest['Close'])
/Users/ianchang/Desktop/local-projects/quant-trading/strategies/defensive_strategy.py:51: FutureWarning: Calling int on a single element Series is deprecated and will raise a TypeError in the future. Use int(ser.iloc[0]) instead
  volume = int(latest['Volume'])
/Users/ianchang/Desktop/local-projects/quant-trading/strategies/defensive_strategy.py:52: FutureWarning: Calling float on a single element Series is deprecated and will raise a TypeError in the future. Use float(ser.iloc[0]) instead
  volume_sma = float(latest['Volume_SMA'])
/Users/ianchang/Desktop/local-projects/quant-trading/strategies/defensive_strategy.py:53: FutureWarning: Calling float on a single element Series is deprecated and will raise a TypeError in the future. Use float(ser.iloc[0]) instead
  rsi = float(latest['RSI'])
[*********************100%***********************]  1 of 1 completed
/Users/ianchang/Desktop/local-projects/quant-trading/strategies/defensive_strategy.py:47: FutureWarning: Calling float on a single element Series is deprecated and will raise a TypeError in the future. Use float(ser.iloc[0]) instead
  ema10 = float(latest['EMA10'])
/Users/ianchang/Desktop/local-projects/quant-trading/strategies/defensive_strategy.py:48: FutureWarning: Calling float on a single element Series is deprecated and will raise a TypeError in the future. Use float(ser.iloc[0]) instead
  ema50 = float(latest['EMA50'])
/Users/ianchang/Desktop/local-projects/quant-trading/strategies/defensive_strategy.py:49: FutureWarning: Calling float on a single element Series is deprecated and will raise a TypeError in the future. Use float(ser.iloc[0]) instead
  atr = float(latest['ATR'])
/Users/ianchang/Desktop/local-projects/quant-trading/strategies/defensive_strategy.py:50: FutureWarning: Calling float on a single element Series is deprecated and will raise a TypeError in the future. Use float(ser.iloc[0]) instead
  close = float(latest['Close'])
/Users/ianchang/Desktop/local-projects/quant-trading/strategies/defensive_strategy.py:51: FutureWarning: Calling int on a single element Series is deprecated and will raise a TypeError in the future. Use int(ser.iloc[0]) instead
  volume = int(latest['Volume'])
/Users/ianchang/Desktop/local-projects/quant-trading/strategies/defensive_strategy.py:52: FutureWarning: Calling float on a single element Series is deprecated and will raise a TypeError in the future. Use float(ser.iloc[0]) instead
  volume_sma = float(latest['Volume_SMA'])
/Users/ianchang/Desktop/local-projects/quant-trading/strategies/defensive_strategy.py:53: FutureWarning: Calling float on a single element Series is deprecated and will raise a TypeError in the future. Use float(ser.iloc[0]) instead
  rsi = float(latest['RSI'])
[*********************100%***********************]  1 of 1 completed
/Users/ianchang/Desktop/local-projects/quant-trading/strategies/defensive_strategy.py:47: FutureWarning: Calling float on a single element Series is deprecated and will raise a TypeError in the future. Use float(ser.iloc[0]) instead
  ema10 = float(latest['EMA10'])
/Users/ianchang/Desktop/local-projects/quant-trading/strategies/defensive_strategy.py:48: FutureWarning: Calling float on a single element Series is deprecated and will raise a TypeError in the future. Use float(ser.iloc[0]) instead
  ema50 = float(latest['EMA50'])
/Users/ianchang/Desktop/local-projects/quant-trading/strategies/defensive_strategy.py:49: FutureWarning: Calling float on a single element Series is deprecated and will raise a TypeError in the future. Use float(ser.iloc[0]) instead
  atr = float(latest['ATR'])
/Users/ianchang/Desktop/local-projects/quant-trading/strategies/defensive_strategy.py:50: FutureWarning: Calling float on a single element Series is deprecated and will raise a TypeError in the future. Use float(ser.iloc[0]) instead
  close = float(latest['Close'])
/Users/ianchang/Desktop/local-projects/quant-trading/strategies/defensive_strategy.py:51: FutureWarning: Calling int on a single element Series is deprecated and will raise a TypeError in the future. Use int(ser.iloc[0]) instead
  volume = int(latest['Volume'])
/Users/ianchang/Desktop/local-projects/quant-trading/strategies/defensive_strategy.py:52: FutureWarning: Calling float on a single element Series is deprecated and will raise a TypeError in the future. Use float(ser.iloc[0]) instead
  volume_sma = float(latest['Volume_SMA'])
/Users/ianchang/Desktop/local-projects/quant-trading/strategies/defensive_strategy.py:53: FutureWarning: Calling float on a single element Series is deprecated and will raise a TypeError in the future. Use float(ser.iloc[0]) instead
  rsi = float(latest['RSI'])
[*********************100%***********************]  1 of 1 completed
/Users/ianchang/Desktop/local-projects/quant-trading/strategies/defensive_strategy.py:47: FutureWarning: Calling float on a single element Series is deprecated and will raise a TypeError in the future. Use float(ser.iloc[0]) instead
  ema10 = float(latest['EMA10'])
/Users/ianchang/Desktop/local-projects/quant-trading/strategies/defensive_strategy.py:48: FutureWarning: Calling float on a single element Series is deprecated and will raise a TypeError in the future. Use float(ser.iloc[0]) instead
  ema50 = float(latest['EMA50'])
/Users/ianchang/Desktop/local-projects/quant-trading/strategies/defensive_strategy.py:49: FutureWarning: Calling float on a single element Series is deprecated and will raise a TypeError in the future. Use float(ser.iloc[0]) instead
  atr = float(latest['ATR'])
/Users/ianchang/Desktop/local-projects/quant-trading/strategies/defensive_strategy.py:50: FutureWarning: Calling float on a single element Series is deprecated and will raise a TypeError in the future. Use float(ser.iloc[0]) instead
  close = float(latest['Close'])
/Users/ianchang/Desktop/local-projects/quant-trading/strategies/defensive_strategy.py:51: FutureWarning: Calling int on a single element Series is deprecated and will raise a TypeError in the future. Use int(ser.iloc[0]) instead
  volume = int(latest['Volume'])
/Users/ianchang/Desktop/local-projects/quant-trading/strategies/defensive_strategy.py:52: FutureWarning: Calling float on a single element Series is deprecated and will raise a TypeError in the future. Use float(ser.iloc[0]) instead
  volume_sma = float(latest['Volume_SMA'])
/Users/ianchang/Desktop/local-projects/quant-trading/strategies/defensive_strategy.py:53: FutureWarning: Calling float on a single element Series is deprecated and will raise a TypeError in the future. Use float(ser.iloc[0]) instead
  rsi = float(latest['RSI'])
[*********************100%***********************]  1 of 1 completed
/Users/ianchang/Desktop/local-projects/quant-trading/strategies/defensive_strategy.py:47: FutureWarning: Calling float on a single element Series is deprecated and will raise a TypeError in the future. Use float(ser.iloc[0]) instead
  ema10 = float(latest['EMA10'])
/Users/ianchang/Desktop/local-projects/quant-trading/strategies/defensive_strategy.py:48: FutureWarning: Calling float on a single element Series is deprecated and will raise a TypeError in the future. Use float(ser.iloc[0]) instead
  ema50 = float(latest['EMA50'])
/Users/ianchang/Desktop/local-projects/quant-trading/strategies/defensive_strategy.py:49: FutureWarning: Calling float on a single element Series is deprecated and will raise a TypeError in the future. Use float(ser.iloc[0]) instead
  atr = float(latest['ATR'])
/Users/ianchang/Desktop/local-projects/quant-trading/strategies/defensive_strategy.py:50: FutureWarning: Calling float on a single element Series is deprecated and will raise a TypeError in the future. Use float(ser.iloc[0]) instead
  close = float(latest['Close'])
/Users/ianchang/Desktop/local-projects/quant-trading/strategies/defensive_strategy.py:51: FutureWarning: Calling int on a single element Series is deprecated and will raise a TypeError in the future. Use int(ser.iloc[0]) instead
  volume = int(latest['Volume'])
/Users/ianchang/Desktop/local-projects/quant-trading/strategies/defensive_strategy.py:52: FutureWarning: Calling float on a single element Series is deprecated and will raise a TypeError in the future. Use float(ser.iloc[0]) instead
  volume_sma = float(latest['Volume_SMA'])
/Users/ianchang/Desktop/local-projects/quant-trading/strategies/defensive_strategy.py:53: FutureWarning: Calling float on a single element Series is deprecated and will raise a TypeError in the future. Use float(ser.iloc[0]) instead
  rsi = float(latest['RSI'])
[*********************100%***********************]  1 of 1 completed
/Users/ianchang/Desktop/local-projects/quant-trading/strategies/defensive_strategy.py:47: FutureWarning: Calling float on a single element Series is deprecated and will raise a TypeError in the future. Use float(ser.iloc[0]) instead
  ema10 = float(latest['EMA10'])
/Users/ianchang/Desktop/local-projects/quant-trading/strategies/defensive_strategy.py:48: FutureWarning: Calling float on a single element Series is deprecated and will raise a TypeError in the future. Use float(ser.iloc[0]) instead
  ema50 = float(latest['EMA50'])
/Users/ianchang/Desktop/local-projects/quant-trading/strategies/defensive_strategy.py:49: FutureWarning: Calling float on a single element Series is deprecated and will raise a TypeError in the future. Use float(ser.iloc[0]) instead
  atr = float(latest['ATR'])
/Users/ianchang/Desktop/local-projects/quant-trading/strategies/defensive_strategy.py:50: FutureWarning: Calling float on a single element Series is deprecated and will raise a TypeError in the future. Use float(ser.iloc[0]) instead
  close = float(latest['Close'])
/Users/ianchang/Desktop/local-projects/quant-trading/strategies/defensive_strategy.py:51: FutureWarning: Calling int on a single element Series is deprecated and will raise a TypeError in the future. Use int(ser.iloc[0]) instead
  volume = int(latest['Volume'])
/Users/ianchang/Desktop/local-projects/quant-trading/strategies/defensive_strategy.py:52: FutureWarning: Calling float on a single element Series is deprecated and will raise a TypeError in the future. Use float(ser.iloc[0]) instead
  volume_sma = float(latest['Volume_SMA'])
/Users/ianchang/Desktop/local-projects/quant-trading/strategies/defensive_strategy.py:53: FutureWarning: Calling float on a single element Series is deprecated and will raise a TypeError in the future. Use float(ser.iloc[0]) instead
  rsi = float(latest['RSI'])
[*********************100%***********************]  1 of 1 completed
/Users/ianchang/Desktop/local-projects/quant-trading/strategies/defensive_strategy.py:47: FutureWarning: Calling float on a single element Series is deprecated and will raise a TypeError in the future. Use float(ser.iloc[0]) instead
  ema10 = float(latest['EMA10'])
/Users/ianchang/Desktop/local-projects/quant-trading/strategies/defensive_strategy.py:48: FutureWarning: Calling float on a single element Series is deprecated and will raise a TypeError in the future. Use float(ser.iloc[0]) instead
  ema50 = float(latest['EMA50'])
/Users/ianchang/Desktop/local-projects/quant-trading/strategies/defensive_strategy.py:49: FutureWarning: Calling float on a single element Series is deprecated and will raise a TypeError in the future. Use float(ser.iloc[0]) instead
  atr = float(latest['ATR'])
/Users/ianchang/Desktop/local-projects/quant-trading/strategies/defensive_strategy.py:50: FutureWarning: Calling float on a single element Series is deprecated and will raise a TypeError in the future. Use float(ser.iloc[0]) instead
  close = float(latest['Close'])
/Users/ianchang/Desktop/local-projects/quant-trading/strategies/defensive_strategy.py:51: FutureWarning: Calling int on a single element Series is deprecated and will raise a TypeError in the future. Use int(ser.iloc[0]) instead
  volume = int(latest['Volume'])
/Users/ianchang/Desktop/local-projects/quant-trading/strategies/defensive_strategy.py:52: FutureWarning: Calling float on a single element Series is deprecated and will raise a TypeError in the future. Use float(ser.iloc[0]) instead
  volume_sma = float(latest['Volume_SMA'])
/Users/ianchang/Desktop/local-projects/quant-trading/strategies/defensive_strategy.py:53: FutureWarning: Calling float on a single element Series is deprecated and will raise a TypeError in the future. Use float(ser.iloc[0]) instead
  rsi = float(latest['RSI'])
[*********************100%***********************]  1 of 1 completed
/Users/ianchang/Desktop/local-projects/quant-trading/strategies/defensive_strategy.py:47: FutureWarning: Calling float on a single element Series is deprecated and will raise a TypeError in the future. Use float(ser.iloc[0]) instead
  ema10 = float(latest['EMA10'])
/Users/ianchang/Desktop/local-projects/quant-trading/strategies/defensive_strategy.py:48: FutureWarning: Calling float on a single element Series is deprecated and will raise a TypeError in the future. Use float(ser.iloc[0]) instead
  ema50 = float(latest['EMA50'])
/Users/ianchang/Desktop/local-projects/quant-trading/strategies/defensive_strategy.py:49: FutureWarning: Calling float on a single element Series is deprecated and will raise a TypeError in the future. Use float(ser.iloc[0]) instead
  atr = float(latest['ATR'])
/Users/ianchang/Desktop/local-projects/quant-trading/strategies/defensive_strategy.py:50: FutureWarning: Calling float on a single element Series is deprecated and will raise a TypeError in the future. Use float(ser.iloc[0]) instead
  close = float(latest['Close'])
/Users/ianchang/Desktop/local-projects/quant-trading/strategies/defensive_strategy.py:51: FutureWarning: Calling int on a single element Series is deprecated and will raise a TypeError in the future. Use int(ser.iloc[0]) instead
  volume = int(latest['Volume'])
/Users/ianchang/Desktop/local-projects/quant-trading/strategies/defensive_strategy.py:52: FutureWarning: Calling float on a single element Series is deprecated and will raise a TypeError in the future. Use float(ser.iloc[0]) instead
  volume_sma = float(latest['Volume_SMA'])
/Users/ianchang/Desktop/local-projects/quant-trading/strategies/defensive_strategy.py:53: FutureWarning: Calling float on a single element Series is deprecated and will raise a TypeError in the future. Use float(ser.iloc[0]) instead
  rsi = float(latest['RSI'])
[*********************100%***********************]  1 of 1 completed
/Users/ianchang/Desktop/local-projects/quant-trading/strategies/defensive_strategy.py:47: FutureWarning: Calling float on a single element Series is deprecated and will raise a TypeError in the future. Use float(ser.iloc[0]) instead
  ema10 = float(latest['EMA10'])
/Users/ianchang/Desktop/local-projects/quant-trading/strategies/defensive_strategy.py:48: FutureWarning: Calling float on a single element Series is deprecated and will raise a TypeError in the future. Use float(ser.iloc[0]) instead
  ema50 = float(latest['EMA50'])
/Users/ianchang/Desktop/local-projects/quant-trading/strategies/defensive_strategy.py:49: FutureWarning: Calling float on a single element Series is deprecated and will raise a TypeError in the future. Use float(ser.iloc[0]) instead
  atr = float(latest['ATR'])
/Users/ianchang/Desktop/local-projects/quant-trading/strategies/defensive_strategy.py:50: FutureWarning: Calling float on a single element Series is deprecated and will raise a TypeError in the future. Use float(ser.iloc[0]) instead
  close = float(latest['Close'])
/Users/ianchang/Desktop/local-projects/quant-trading/strategies/defensive_strategy.py:51: FutureWarning: Calling int on a single element Series is deprecated and will raise a TypeError in the future. Use int(ser.iloc[0]) instead
  volume = int(latest['Volume'])
/Users/ianchang/Desktop/local-projects/quant-trading/strategies/defensive_strategy.py:52: FutureWarning: Calling float on a single element Series is deprecated and will raise a TypeError in the future. Use float(ser.iloc[0]) instead
  volume_sma = float(latest['Volume_SMA'])
/Users/ianchang/Desktop/local-projects/quant-trading/strategies/defensive_strategy.py:53: FutureWarning: Calling float on a single element Series is deprecated and will raise a TypeError in the future. Use float(ser.iloc[0]) instead
  rsi = float(latest['RSI'])
open orders request timed out
completed orders request timed out
Traceback (most recent call last):
  File "/Users/ianchang/.pyenv/versions/3.12.0/lib/python3.12/asyncio/tasks.py", line 510, in wait_for
    return await fut
           ^^^^^^^^^
asyncio.exceptions.CancelledError

The above exception was the direct cause of the following exception:

Traceback (most recent call last):
  File "/Users/ianchang/Desktop/local-projects/quant-trading/run_live_shadow.py", line 26, in <module>
    ib.connect('127.0.0.1', 7497, clientId=101)
  File "/Users/ianchang/Desktop/local-projects/quant-trading/.venv/lib/python3.12/site-packages/ib_insync/ib.py", line 279, in connect
    return self._run(self.connectAsync(
           ^^^^^^^^^^^^^^^^^^^^^^^^^^^^
  File "/Users/ianchang/Desktop/local-projects/quant-trading/.venv/lib/python3.12/site-packages/ib_insync/ib.py", line 318, in _run
    return util.run(*awaitables, timeout=self.RequestTimeout)
           ^^^^^^^^^^^^^^^^^^^^^^^^^^^^^^^^^^^^^^^^^^^^^^^^^^
  File "/Users/ianchang/Desktop/local-projects/quant-trading/.venv/lib/python3.12/site-packages/ib_insync/util.py", line 341, in run
    result = loop.run_until_complete(task)
             ^^^^^^^^^^^^^^^^^^^^^^^^^^^^^
  File "/Users/ianchang/.pyenv/versions/3.12.0/lib/python3.12/asyncio/base_events.py", line 664, in run_until_complete
    return future.result()
           ^^^^^^^^^^^^^^^
  File "/Users/ianchang/Desktop/local-projects/quant-trading/.venv/lib/python3.12/site-packages/ib_insync/ib.py", line 1782, in connectAsync
    await asyncio.wait_for(self.reqExecutionsAsync(), timeout)
  File "/Users/ianchang/.pyenv/versions/3.12.0/lib/python3.12/asyncio/tasks.py", line 509, in wait_for
    async with timeouts.timeout(timeout):
  File "/Users/ianchang/.pyenv/versions/3.12.0/lib/python3.12/asyncio/timeouts.py", line 111, in __aexit__
    raise TimeoutError from exc_val
TimeoutError
/Users/ianchang/Desktop/local-projects/quant-trading/.venv/bin/python: can't open file '/Users/ianchang/Desktop/local-projects/quant-trading/run_live_shadow.py': [Errno 2] No such file or directory
